r 0.0370816674755227 0.0412123597276504
K -0.0216453967203561 0.0278800593437617
q 0.190235470874717 0.181172683265647
sigma -0.0342198547217776 0.0413809347602791
tau 0.114167052185098 0.120225995835316
P[1] -0.00454574116431911 0.00522941420520206
P[2] -0.0597005003791841 0.0578918483246215
P[3] -0.0225827907725968 0.0202314029144047
P[4] -0.0210545873312262 0.0232153625245082
P[5] -0.0252157549429358 0.0285295765177806
P[6] 0.00274384486481721 0.013112459625538
P[7] -0.00586876436101588 0.0141543160483226
P[8] -0.0479920701602034 0.049131890465696
P[9] -0.0680261800992203 0.0699399317883185
P[10] -0.0910723107463601 0.0978481464640402
P[11] -0.107822617101902 0.115942761225118
P[12] -0.101561401189298 0.10929010634601
P[13] -0.0725385332906926 0.0801539430487977
P[14] -0.0973917351898735 0.105888279432162
P[15] -0.116380540781687 0.125830192727649
P[16] -0.111875855253608 0.119603151793655
P[17] -0.146654741149804 0.155248492450361
P[18] -0.176962597848812 0.188650509733386
P[19] -0.146445041695634 0.154673699254642
P[20] -0.134992947293097 0.141167826554184
P[21] -0.140793713460685 0.148064888419275
P[22] -0.206496028354212 0.213126122252427
P[23] -0.278009707490095 0.286623950740749
FF[1] 0.0822674873710613 0.0761492628680743
FF[2] 0.0665545249050672 0.0570905750967374
FF[3] 0.0865166210951938 0.0750424202365443
FF[4] 0.0982870599614722 0.091498469219721
FF[5] 0.144470697508126 0.134077119657372
FF[6] 0.161339679331459 0.151066400922831
FF[7] 0.20451821842202 0.19380420215202
FF[8] 0.196198931956168 0.188213450504397
FF[9] 0.253996038238749 0.249341442118525
FF[10] 0.260312752984247 0.255267102770793
FF[11] 0.197997719014561 0.187458427299564
FF[12] 0.160842716656366 0.146004738166991
FF[13] 0.168450682686754 0.155969304237916
FF[14] 0.265865979829538 0.257893979326724
FF[15] 0.27935467097919 0.27150245036369
FF[16] 0.280549936540731 0.273711612002617
FF[17] 0.266015393584976 0.25581110955481
FF[18] 0.193483102600023 0.178815143299113
FF[19] 0.0950693823598263 0.0831443582350926
FF[20] 0.13754473451337 0.12210977876011
FF[21] 0.231064189279259 0.221094723178871
FF[22] 0.321831528476077 0.309455622438823
I.new[1] 0.152531468532518 0.156302969121091
I.new[2] 0.0803067344692083 0.0844005089127675
I.new[3] 0.129782155356939 0.134494847215989
I.new[4] 0.13298793877407 0.136964107431309
I.new[5] 0.124354844608165 0.127623157238239
I.new[6] 0.161685932328333 0.162823826086262
I.new[7] 0.150645077607562 0.152817447623714
I.new[8] 0.100055602374551 0.10464631393249
I.new[9] 0.0759310320719953 0.0782278775418723
I.new[10] 0.0517951750675497 0.0511953163867272
I.new[11] 0.0304190511741202 0.0282906438685749
I.new[12] 0.0386022893350859 0.0364596235688981
I.new[13] 0.072185987534014 0.0694534178642155
I.new[14] 0.0432805755917499 0.0379522188992438
I.new[15] 0.0205644721703539 0.0148110953038361
I.new[16] 0.0270381031322317 0.0241971769075003
I.new[17] -0.0136742947264665 0.0211608855198008
I.new[18] -0.0517902527317218 0.0622866795334139
I.new[19] -0.0123615463411406 0.018723078106922
I.new[20] 0.000897777863758169 0.00477064659305417
I.new[21] -0.00596835288349707 0.00913894390260303
I.new[22] -0.0807645634130629 0.0851260712263542
I.new[23] -0.167971799985043 0.176297582224386
